<?xml version="1.0" encoding="UTF-8"?>
<!-- Generated by org.testng.reporters.JUnitReportReporter -->
<testsuite hostname="MAA-5CG0228XK7" failures="0" tests="1" name="MavenTutorial.ExtentReportDemo" time="5.493" errors="0" timestamp="2022-02-04T22:29:08 IST" skipped="0">
  <testcase classname="MavenTutorial.ExtentReportDemo" name="initialDemo" time="5.493"/>
  <system-out/>
</testsuite> <!-- MavenTutorial.ExtentReportDemo -->
