<?xml version="1.0" encoding="UTF-8"?>
<!-- Generated by org.testng.reporters.JUnitReportReporter -->
<testsuite skipped="0" hostname="MAA-5CG0228XK7" name="MavenTutorial.RestApiTest" tests="2" failures="0" timestamp="2022-02-04T15:31:10 IST" time="0.013" errors="0">
  <testcase name="RestApiAutomation" time="0.012" classname="MavenTutorial.RestApiTest"/>
  <system-out/>
  <testcase name="RestApiInvoke" time="0.001" classname="MavenTutorial.RestApiTest"/>
  <system-out/>
</testsuite> <!-- MavenTutorial.RestApiTest -->
