<?xml version="1.0" encoding="UTF-8"?>
<!-- Generated by org.testng.reporters.JUnitReportReporter -->
<testsuite skipped="0" hostname="MAA-5CG0228XK7" name="MavenTutorial.AppiumTest" tests="2" failures="0" timestamp="2022-02-04T15:31:10 IST" time="0.002" errors="0">
  <testcase name="MobileBrowserAutomation" time="0.001" classname="MavenTutorial.AppiumTest"/>
  <system-out/>
  <testcase name="MobileBrowserInvoke" time="0.001" classname="MavenTutorial.AppiumTest"/>
  <system-out/>
</testsuite> <!-- MavenTutorial.AppiumTest -->
