<?xml version="1.0" encoding="UTF-8"?>
<!-- Generated by org.testng.reporters.JUnitReportReporter -->
<testsuite skipped="0" hostname="MAA-5CG0228XK7" name="MavenTutorial.SeleniumTest" tests="2" failures="0" timestamp="2022-02-04T15:31:10 IST" time="0.000" errors="0">
  <testcase name="BrowserAutomation" time="0.000" classname="MavenTutorial.SeleniumTest"/>
  <system-out/>
  <testcase name="Browserinvoke" time="0.000" classname="MavenTutorial.SeleniumTest"/>
  <system-out/>
</testsuite> <!-- MavenTutorial.SeleniumTest -->
